/Users/aaa/SmartMold_Pilot/.venv/lib/python3.9/site-packages/urllib3/__init__.py:35: NotOpenSSLWarning: urllib3 v2 only supports OpenSSL 1.1.1+, currently the 'ssl' module is compiled with 'LibreSSL 2.8.3'. See: https://github.com/urllib3/urllib3/issues/3020
  warnings.warn(
[APP] Starting SmartMold Pilot V3...
[APP] Open browser at: http://localhost:9091
/Users/aaa/SmartMold_Pilot/.venv/lib/python3.9/site-packages/urllib3/__init__.py:35: NotOpenSSLWarning: urllib3 v2 only supports OpenSSL 1.1.1+, currently the 'ssl' module is compiled with 'LibreSSL 2.8.3'. See: https://github.com/urllib3/urllib3/issues/3020
  warnings.warn(
[APP] Starting SmartMold Pilot V3...
[APP] Open browser at: http://localhost:9091
NiceGUI ready to go on http://localhost:9091, and http://192.168.1.66:9091
/Users/aaa/SmartMold_Pilot/.venv/lib/python3.9/site-packages/google/auth/__init__.py:54: FutureWarning: 
    You are using a Python version 3.9 past its end of life. Google will update
    google-auth with critical bug fixes on a best-effort basis, but not
    with any other fixes or features. Please upgrade your Python version,
    and then update google-auth.
    
  warnings.warn(eol_message.format("3.9"), FutureWarning)
/Users/aaa/SmartMold_Pilot/.venv/lib/python3.9/site-packages/google/oauth2/__init__.py:40: FutureWarning: 
    You are using a Python version 3.9 past its end of life. Google will update
    google-auth with critical bug fixes on a best-effort basis, but not
    with any other fixes or features. Please upgrade your Python version,
    and then update google-auth.
    
  warnings.warn(eol_message.format("3.9"), FutureWarning)
